========================================================================
Root ServerPath  : G:\webserver\webserver_VC15_x64
Root update Path : G:\webserver\webserver_VC15_x64\USBWS_Upd
Current Date     : 20190817_131216
OS Architecture  : x64
Apache           : httpd-2.4.41-win64-VC15_2019-08-14.zip
PHP              : No Update File Found
MariaDB          : No Update File Found
phpMyAdmin       : No Update File Found
========================================================================
Updating Apache "httpd-2.4.41-win64-VC15_2019-08-14.zip"
Empty tmp folder:
Extract Update:
+++++++++++++++++++++++++++++++++++++++++++++++++++++++++++++++++++++

7-Zip (a) 17.01 beta (x64) : Copyright (c) 1999-2017 Igor Pavlov : 2017-08-28

Scanning the drive for archives:
1 file, 10353969 bytes (10112 KiB)

Extracting archive: G:\webserver\webserver_VC15_x64\USBWS_Upd\httpd-2.4.41-win64-VC15_2019-08-14.zip
--
Path = G:\webserver\webserver_VC15_x64\USBWS_Upd\httpd-2.4.41-win64-VC15_2019-08-14.zip
Type = zip
Physical Size = 10353969

Everything is Ok

Folders: 18
Files: 803
Size:       25526866
Compressed: 10353969
+++++++++++++++++++++++++++++++++++++++++++++++++++++++++++++++++++++
Update Files:
+++++++++++++++++++++++++++++++++++++++++++++++++++++++++++++++++++++

-------------------------------------------------------------------------------
   ROBOCOPY     ::     Robust File Copy for Windows                              
-------------------------------------------------------------------------------

  Started : Sat Aug 17 13:12:17 2019

   Source : G:\webserver\webserver_VC15_x64\USBWS_Upd\tmp\apache2\
     Dest : G:\webserver\webserver_VC15_x64\apache2\

    Files : *.*
	    
 Exc Dirs : *
	    
  Options : *.* /V /S /E /COPY:DAT /PURGE /MIR /Z /NP /XA:H /R:1000000 /W:5 

------------------------------------------------------------------------------

	                   8	G:\webserver\webserver_VC15_x64\USBWS_Upd\tmp\apache2\
	          same		   13740	ABOUT_APACHE.txt
	          same		    3869	INSTALL.txt
	          same		    4752	README.txt
	    Newer     		      59	CHANGES.txt
	    Newer     		   44480	LICENSE.txt
	    Newer     		    2865	NOTICE.txt
	    Newer     		   41993	OPENSSL-NEWS.txt
	    Newer     		    4545	OPENSSL-README.txt
	       named      -1	G:\webserver\webserver_VC15_x64\USBWS_Upd\tmp\apache2\bin\
	       named      -1	G:\webserver\webserver_VC15_x64\USBWS_Upd\tmp\apache2\cgi-bin\
	       named      -1	G:\webserver\webserver_VC15_x64\USBWS_Upd\tmp\apache2\conf\
	       named      -1	G:\webserver\webserver_VC15_x64\USBWS_Upd\tmp\apache2\error\
	       named      -1	G:\webserver\webserver_VC15_x64\USBWS_Upd\tmp\apache2\htdocs\
	       named      -1	G:\webserver\webserver_VC15_x64\USBWS_Upd\tmp\apache2\icons\
	       named      -1	G:\webserver\webserver_VC15_x64\USBWS_Upd\tmp\apache2\include\
	       named      -1	G:\webserver\webserver_VC15_x64\USBWS_Upd\tmp\apache2\lib\
	       named      -1	G:\webserver\webserver_VC15_x64\USBWS_Upd\tmp\apache2\logs\
	       named      -1	G:\webserver\webserver_VC15_x64\USBWS_Upd\tmp\apache2\manual\
	       named      -1	G:\webserver\webserver_VC15_x64\USBWS_Upd\tmp\apache2\modules\

------------------------------------------------------------------------------

               Total    Copied   Skipped  Mismatch    FAILED    Extras
    Dirs :        12         0        12         0         0         0
   Files :         8         5         3         0         0         0
   Bytes :   113.5 k    91.7 k    21.8 k         0         0         0
   Times :   0:00:00   0:00:00                       0:00:00   0:00:00


   Speed :            23485500 Bytes/sec.
   Speed :            1343.851 MegaBytes/min.

   Ended : Sat Aug 17 13:12:17 2019

-------------------------------------------------------------------------------
   ROBOCOPY     ::     Robust File Copy for Windows                              
-------------------------------------------------------------------------------

  Started : Sat Aug 17 13:12:17 2019

   Source : G:\webserver\webserver_VC15_x64\USBWS_Upd\tmp\apache2\modules\
     Dest : G:\webserver\webserver_VC15_x64\apache2\modules\

    Files : *.*
	    
  Options : *.* /V /S /E /COPY:DAT /PURGE /MIR /Z /NP /XA:H /R:1000000 /W:5 

------------------------------------------------------------------------------

	                 112	G:\webserver\webserver_VC15_x64\USBWS_Upd\tmp\apache2\modules\
	    Newer     		   16896	mod_access_compat.so
	    Newer     		   14848	mod_actions.so
	    Newer     		   20992	mod_alias.so
	    Newer     		   12800	mod_allowmethods.so
	    Newer     		   13312	mod_asis.so
	    Newer     		   17920	mod_auth_basic.so
	    Newer     		   34304	mod_auth_digest.so
	    Newer     		   27648	mod_auth_form.so
	    Newer     		   13312	mod_authn_anon.so
	    Newer     		   15872	mod_authn_core.so
	    Newer     		   15872	mod_authn_dbd.so
	    Newer     		   13824	mod_authn_dbm.so
	    Newer     		   14336	mod_authn_file.so
	    Newer     		   19968	mod_authn_socache.so
	    Newer     		   30208	mod_authnz_fcgi.so
	    Newer     		   43520	mod_authnz_ldap.so
	    Newer     		   23552	mod_authz_core.so
	    Newer     		   18432	mod_authz_dbd.so
	    Newer     		   15872	mod_authz_dbm.so
	    Newer     		   16896	mod_authz_groupfile.so
	    Newer     		   16896	mod_authz_host.so
	    Newer     		   14336	mod_authz_owner.so
	    Newer     		   12800	mod_authz_user.so
	    Newer     		   37888	mod_autoindex.so
	    Newer     		   2.8 m	mod_brotli.so
	    Newer     		   14848	mod_buffer.so
	    Newer     		   58368	mod_cache.so
	    Newer     		   31744	mod_cache_disk.so
	    Newer     		   30720	mod_cache_socache.so
	    Newer     		   16384	mod_cern_meta.so
	    Newer     		   25600	mod_cgi.so
	    Newer     		   23040	mod_charset_lite.so
	    Newer     		   14848	mod_data.so
	    Newer     		   92160	mod_dav.so
	    Newer     		   49152	mod_dav_fs.so
	    Newer     		   23040	mod_dav_lock.so
	    Newer     		   22528	mod_dbd.so
	    Newer     		   31232	mod_deflate.so
	    Newer     		   15872	mod_dir.so
	    Newer     		   15360	mod_dumpio.so
	    Newer     		   13312	mod_env.so
	    Newer     		   16384	mod_expires.so
	    Newer     		   24064	mod_ext_filter.so
	    Newer     		   16896	mod_file_cache.so
	    Newer     		   20480	mod_filter.so
	    Newer     		   22528	mod_headers.so
	    Newer     		   15360	mod_heartbeat.so
	    Newer     		   26112	mod_heartmonitor.so
	    Newer     		  188928	mod_http2.so
	    Newer     		   15872	mod_ident.so
	    Newer     		   20480	mod_imagemap.so
	    Newer     		   48128	mod_include.so
	    Newer     		   28672	mod_info.so
	    Newer     		   29696	mod_isapi.so
	    Newer     		   12800	mod_lbmethod_bybusyness.so
	    Newer     		   12800	mod_lbmethod_byrequests.so
	    Newer     		   12800	mod_lbmethod_bytraffic.so
	    Newer     		   18432	mod_lbmethod_heartbeat.so
	    Newer     		   62976	mod_ldap.so
	    Newer     		   31744	mod_log_config.so
	    Newer     		   16384	mod_log_debug.so
	    Newer     		   16384	mod_log_forensic.so
	    Newer     		   13824	mod_logio.so
	    Newer     		   97280	mod_lua.so
	    Newer     		   22528	mod_macro.so
	    Newer     		  195584	mod_md.so
	    Newer     		   22528	mod_mime.so
	    Newer     		   29184	mod_mime_magic.so
	    Newer     		   35840	mod_negotiation.so
	    Newer     		  106496	mod_proxy.so
	    Newer     		   41984	mod_proxy_ajp.so
	    Newer     		   49152	mod_proxy_balancer.so
	    Newer     		   18944	mod_proxy_connect.so
	    Newer     		   14336	mod_proxy_express.so
	    Newer     		   27136	mod_proxy_fcgi.so
	    Newer     		   36864	mod_proxy_ftp.so
	    Newer     		   32256	mod_proxy_hcheck.so
	    Newer     		   31744	mod_proxy_html.so
	    Newer     		   35840	mod_proxy_http.so
	    Newer     		   49664	mod_proxy_http2.so
	    Newer     		   20480	mod_proxy_scgi.so
	    Newer     		   19968	mod_proxy_uwsgi.so
	    Newer     		   18432	mod_proxy_wstunnel.so
	    Newer     		   14848	mod_ratelimit.so
	    Newer     		   14336	mod_reflector.so
	    Newer     		   28160	mod_remoteip.so
	    Newer     		   16896	mod_reqtimeout.so
	    Newer     		   15872	mod_request.so
	    Newer     		   63488	mod_rewrite.so
	    Newer     		   37376	mod_sed.so
	    Newer     		   22016	mod_session.so
	    Newer     		   14848	mod_session_cookie.so
	    Newer     		   23552	mod_session_crypto.so
	    Newer     		   19968	mod_session_dbd.so
	    Newer     		   18432	mod_setenvif.so
	    Newer     		   13824	mod_slotmem_plain.so
	    Newer     		   20480	mod_slotmem_shm.so
	    Newer     		   18432	mod_socache_dbm.so
	    Newer     		   18944	mod_socache_memcache.so
	    Newer     		   19456	mod_socache_redis.so
	    Newer     		   24576	mod_socache_shmcb.so
	    Newer     		   16384	mod_speling.so
	    Newer     		  181248	mod_ssl.so
	    Newer     		   26624	mod_status.so
	    Newer     		   20480	mod_substitute.so
	    Newer     		   13824	mod_unique_id.so
	    Newer     		   13824	mod_userdir.so
	    Newer     		   17920	mod_usertrack.so
	    Newer     		   14848	mod_version.so
	    Newer     		   16384	mod_vhost_alias.so
	    Newer     		   22016	mod_watchdog.so
	    Newer     		   23040	mod_xml2enc.so

------------------------------------------------------------------------------

               Total    Copied   Skipped  Mismatch    FAILED    Extras
    Dirs :         1         0         1         0         0         0
   Files :       112       112         0         0         0         0
   Bytes :    6.02 m    6.02 m         0         0         0         0
   Times :   0:00:00   0:00:00                       0:00:00   0:00:00


   Speed :            77037268 Bytes/sec.
   Speed :            4408.107 MegaBytes/min.

   Ended : Sat Aug 17 13:12:17 2019
Copying: apache2\bin\httpd.exe to httpd_usbwv8.exe
        1 file(s) copied.
Copying: apache2\bin\apr_dbd_odbc-1.dll
        1 file(s) copied.
Copying: apache2\bin\apr_ldap-1.dll
        1 file(s) copied.
Copying: apache2\bin\dbmmanage.pl
        1 file(s) copied.
Copying: apache2\bin\htpasswd.exe
        1 file(s) copied.
Copying: apache2\bin\libapr-1.dll
        1 file(s) copied.
Copying: apache2\bin\libapriconv-1.dll
        1 file(s) copied.
Copying: apache2\bin\libaprutil-1.dll
        1 file(s) copied.
Copying: apache2\bin\libcrypto-1_1-x64.dll
        1 file(s) copied.
Copying: apache2\bin\libhttpd.dll
        1 file(s) copied.
Copying: apache2\bin\libssl-1_1-x64.dll
        1 file(s) copied.
Copying: apache2\bin\libxml2.dll
        1 file(s) copied.
Copying: apache2\bin\lua52.dll
        1 file(s) copied.
Copying: apache2\bin\nghttp2.dll
        1 file(s) copied.
Copying: apache2\bin\openssl.exe
        1 file(s) copied.
Copying: apache2\bin\pcre.dll
        1 file(s) copied.
Copying: apache2\bin\zlib1.dll
        1 file(s) copied.
Copying: apache2\conf\mime.types
        1 file(s) copied.
Copying: apache2\conf\openssl.cnf
        1 file(s) copied.
========================================================================
Empty tmp folder:
========================================================================
